0 info it worked if it ends with ok
1 verbose cli [ '/usr/local/bin/node',
1 verbose cli   '/usr/local/bin/npm',
1 verbose cli   'run',
1 verbose cli   'build:library' ]
2 info using npm@3.10.3
3 info using node@v6.5.0
4 verbose run-script [ 'prebuild:library', 'build:library', 'postbuild:library' ]
5 info lifecycle forminator-ui@1.2.0~prebuild:library: forminator-ui@1.2.0
6 silly lifecycle forminator-ui@1.2.0~prebuild:library: no script for prebuild:library, continuing
7 info lifecycle forminator-ui@1.2.0~build:library: forminator-ui@1.2.0
8 verbose lifecycle forminator-ui@1.2.0~build:library: unsafe-perm in lifecycle true
9 verbose lifecycle forminator-ui@1.2.0~build:library: PATH: /usr/local/lib/node_modules/npm/bin/node-gyp-bin:/Users/leighton/Sites/github/forminator-ui/node_modules/.bin:/usr/local/bin:/usr/local/bin:/usr/bin:/bin:/usr/sbin:/sbin
10 verbose lifecycle forminator-ui@1.2.0~build:library: CWD: /Users/leighton/Sites/github/forminator-ui
11 silly lifecycle forminator-ui@1.2.0~build:library: Args: [ '-c', 'gulp library:build' ]
12 silly lifecycle forminator-ui@1.2.0~build:library: Returned: code: 1  signal: null
13 info lifecycle forminator-ui@1.2.0~build:library: Failed to exec build:library script
14 verbose stack Error: forminator-ui@1.2.0 build:library: `gulp library:build`
14 verbose stack Exit status 1
14 verbose stack     at EventEmitter.<anonymous> (/usr/local/lib/node_modules/npm/lib/utils/lifecycle.js:242:16)
14 verbose stack     at emitTwo (events.js:106:13)
14 verbose stack     at EventEmitter.emit (events.js:191:7)
14 verbose stack     at ChildProcess.<anonymous> (/usr/local/lib/node_modules/npm/lib/utils/spawn.js:40:14)
14 verbose stack     at emitTwo (events.js:106:13)
14 verbose stack     at ChildProcess.emit (events.js:191:7)
14 verbose stack     at maybeClose (internal/child_process.js:877:16)
14 verbose stack     at Process.ChildProcess._handle.onexit (internal/child_process.js:226:5)
15 verbose pkgid forminator-ui@1.2.0
16 verbose cwd /Users/leighton/Sites/github/forminator-ui
17 error Darwin 19.3.0
18 error argv "/usr/local/bin/node" "/usr/local/bin/npm" "run" "build:library"
19 error node v6.5.0
20 error npm  v3.10.3
21 error code ELIFECYCLE
22 error forminator-ui@1.2.0 build:library: `gulp library:build`
22 error Exit status 1
23 error Failed at the forminator-ui@1.2.0 build:library script 'gulp library:build'.
23 error Make sure you have the latest version of node.js and npm installed.
23 error If you do, this is most likely a problem with the forminator-ui package,
23 error not with npm itself.
23 error Tell the author that this fails on your system:
23 error     gulp library:build
23 error You can get information on how to open an issue for this project with:
23 error     npm bugs forminator-ui
23 error Or if that isn't available, you can get their info via:
23 error     npm owner ls forminator-ui
23 error There is likely additional logging output above.
24 verbose exit [ 1, true ]
